<?xml version="1.0" encoding="UTF-8" ?>
<testsuite failures="0" time="0.016" errors="5" skipped="0" tests="6" name="name.pehl.piriti.converter.client.DateConverterTest">
  <properties>
    <property name="java.runtime.name" value="Java(TM) SE Runtime Environment"/>
    <property name="sun.boot.library.path" value="c:\Programme\Java\jdk1.6.0_21\jre\bin"/>
    <property name="java.vm.version" value="17.0-b17"/>
    <property name="java.vm.vendor" value="Sun Microsystems Inc."/>
    <property name="java.vendor.url" value="http://java.sun.com/"/>
    <property name="path.separator" value=";"/>
    <property name="guice.disable.misplaced.annotation.check" value="true"/>
    <property name="java.vm.name" value="Java HotSpot(TM) Client VM"/>
    <property name="file.encoding.pkg" value="sun.io"/>
    <property name="user.country" value="DE"/>
    <property name="sun.java.launcher" value="SUN_STANDARD"/>
    <property name="sun.os.patch.level" value="Service Pack 3"/>
    <property name="java.vm.specification.name" value="Java Virtual Machine Specification"/>
    <property name="user.dir" value="C:\works\googlecode\piriti\impl"/>
    <property name="java.runtime.version" value="1.6.0_21-b07"/>
    <property name="java.awt.graphicsenv" value="sun.awt.Win32GraphicsEnvironment"/>
    <property name="java.endorsed.dirs" value="c:\Programme\Java\jdk1.6.0_21\jre\lib\endorsed"/>
    <property name="os.arch" value="x86"/>
    <property name="java.io.tmpdir" value="C:\DOKUME~1\upudxv4\LOKALE~1\Temp\"/>
    <property name="line.separator" value="
"/>
    <property name="java.vm.specification.vendor" value="Sun Microsystems Inc."/>
    <property name="user.variant" value=""/>
    <property name="os.name" value="Windows XP"/>
    <property name="classworlds.conf" value="c:\Programme\apache-maven-3.0.2\bin\m2.conf"/>
    <property name="sun.jnu.encoding" value="Cp1252"/>
    <property name="java.library.path" value="c:\Programme\Java\jdk1.6.0_21\bin;.;C:\WINDOWS\Sun\Java\bin;C:\WINDOWS\system32;C:\WINDOWS;C:\Programme\MQClient\Java\lib;C:\Programme\Prismaclient;C:\oraclexe\app\oracle\product\10.2.0\server\bin;c:\Programme\Java\jdk1.6.0_21\bin;C:\Programme\Tab3\bin;C:\WINDOWS\system32;C:\WINDOWS;C:\WINDOWS\System32\Wbem;C:\Programme\ObjREXX;C:\Programme\Utimaco\SafeGuard Easy\;C:\WINDOWS\system32\;C:\WINDOWS\system32\Wbem;C:\Programme\Oracle\OraClient10g\bin;C:\Programme\Microsoft SQL Server\80\Tools\BINN;C:\Programme\Microsoft SQL Server\80\Tools\Binn\;C:\Programme\Microsoft SQL Server\90\Tools\binn\;C:\Programme\Microsoft SQL Server\90\DTS\Binn\;C:\Programme\Microsoft SQL Server\90\Tools\Binn\VSShell\Common7\IDE\;C:\Programme\Microsoft Visual Studio 8\Common7\IDE\PrivateAssemblies\;C:\Programme\ALIS;C:\Programme\FileNet\IDM;C:\Programme\FileNet\Shared;C:\Programme\FileNet\FNSW\CLIENT\SHOBJ;C:\Programme\FileNet\FNSW\CLIENT\BIN;C:\Programme\Hyperion\essbase\bin;C:\Programme\KomTVA\bin;C:\Programme\CID;C:\Programme\Attachmate\RSecure\;%M2%;C:\Programme\IBM\SQLLIB\BIN;C:\Programme\IBM\SQLLIB\FUNCTION;C:\PROGRA~1\IBM\SQLLIB\BIN;C:\PROGRA~1\IBM\SQLLIB\FUNCTION;C:\Programme\Enterprise Vault\EVClient\;c:\Programme\apache-maven-3.0.2\bin;C:\Programme\SlikSvn\bin\;c:\Programme\SlikSvn\bin;C:\Programme\IBM\Personal Communications;C:\Programme\IBM\Trace Facility;C:\Programme\TortoiseSVN\bin;c:\Programme\Firefox3;C:\Programme\Netchange;C:\Programme\secude\sbus\lib;C:\Programme\SECUDE\signon;C:\Programme\MQClient\bin;C:\Programme\MQClient\ADAG\bin;C:\Programme\MQClient\exits;C:\Programme\TortoiseGit\bin;C:\Programme\SAS\Shared Files\Formats;C:\Programme\QuickTime\QTSystem\;c:\Programme\apache-ant-1.8.2\bin;C:\Programme\Gemeinsame Dateien\System\MSMAPI\1031\;C:\Programme\IBMDebug\bin;C:\Programme\FileNet\VW;C:\Programme\GNU\GnuPG\pub"/>
    <property name="java.specification.name" value="Java Platform API Specification"/>
    <property name="java.class.version" value="50.0"/>
    <property name="sun.management.compiler" value="HotSpot Client Compiler"/>
    <property name="os.version" value="5.1"/>
    <property name="user.home" value="C:\Dokumente und Einstellungen\upudxv4"/>
    <property name="user.timezone" value="Europe/Berlin"/>
    <property name="java.awt.printerjob" value="sun.awt.windows.WPrinterJob"/>
    <property name="file.encoding" value="Cp1252"/>
    <property name="java.specification.version" value="1.6"/>
    <property name="user.name" value="upudxv4"/>
    <property name="java.class.path" value="c:\Programme\apache-maven-3.0.2\boot\plexus-classworlds-2.4.jar"/>
    <property name="java.vm.specification.version" value="1.0"/>
    <property name="sun.arch.data.model" value="32"/>
    <property name="java.home" value="c:\Programme\Java\jdk1.6.0_21\jre"/>
    <property name="java.specification.vendor" value="Sun Microsystems Inc."/>
    <property name="user.language" value="de"/>
    <property name="awt.toolkit" value="sun.awt.windows.WToolkit"/>
    <property name="java.vm.info" value="mixed mode, sharing"/>
    <property name="java.version" value="1.6.0_21"/>
    <property name="java.ext.dirs" value="c:\Programme\Java\jdk1.6.0_21\jre\lib\ext;C:\WINDOWS\Sun\Java\lib\ext"/>
    <property name="sun.boot.class.path" value="c:\Programme\Java\jdk1.6.0_21\jre\lib\resources.jar;c:\Programme\Java\jdk1.6.0_21\jre\lib\rt.jar;c:\Programme\Java\jdk1.6.0_21\jre\lib\sunrsasign.jar;c:\Programme\Java\jdk1.6.0_21\jre\lib\jsse.jar;c:\Programme\Java\jdk1.6.0_21\jre\lib\jce.jar;c:\Programme\Java\jdk1.6.0_21\jre\lib\charsets.jar;c:\Programme\Java\jdk1.6.0_21\jre\classes"/>
    <property name="java.vendor" value="Sun Microsystems Inc."/>
    <property name="maven.home" value="c:\Programme\apache-maven-3.0.2"/>
    <property name="file.separator" value="\"/>
    <property name="java.vendor.url.bug" value="http://java.sun.com/cgi-bin/bugreport.cgi"/>
    <property name="sun.cpu.endian" value="little"/>
    <property name="sun.io.unicode.encoding" value="UnicodeLittle"/>
    <property name="sun.desktop" value="windows"/>
    <property name="sun.cpu.isalist" value="pentium_pro+mmx pentium_pro pentium+mmx pentium i486 i386 i86"/>
  </properties>
  <testcase time="0" classname="name.pehl.piriti.converter.client.DateConverterTest" name="testConvertNull">
    <error type="java.lang.ExceptionInInitializerError">java.lang.ExceptionInInitializerError
	at com.google.gwt.i18n.shared.DateTimeFormat.getDefaultDateTimeFormatInfo(DateTimeFormat.java:681)
	at com.google.gwt.i18n.shared.DateTimeFormat.getFormat(DateTimeFormat.java:665)
	at com.google.gwt.i18n.shared.DateTimeFormat.getFormat(DateTimeFormat.java:514)
	at name.pehl.piriti.converter.client.DateConverter.&lt;init&gt;(DateConverter.java:27)
	at name.pehl.piriti.converter.client.TestableDateConverter.&lt;init&gt;(TestableDateConverter.java:10)
	at name.pehl.piriti.converter.client.DateConverterTest.testConvertNull(DateConverterTest.java:22)
	at sun.reflect.NativeMethodAccessorImpl.invoke0(Native Method)
	at sun.reflect.NativeMethodAccessorImpl.invoke(NativeMethodAccessorImpl.java:39)
	at sun.reflect.DelegatingMethodAccessorImpl.invoke(DelegatingMethodAccessorImpl.java:25)
	at java.lang.reflect.Method.invoke(Method.java:597)
	at org.junit.runners.model.FrameworkMethod$1.runReflectiveCall(FrameworkMethod.java:45)
	at org.junit.internal.runners.model.ReflectiveCallable.run(ReflectiveCallable.java:15)
	at org.junit.runners.model.FrameworkMethod.invokeExplosively(FrameworkMethod.java:42)
	at org.junit.internal.runners.statements.InvokeMethod.evaluate(InvokeMethod.java:20)
	at org.junit.runners.ParentRunner.runLeaf(ParentRunner.java:263)
	at org.junit.runners.BlockJUnit4ClassRunner.runChild(BlockJUnit4ClassRunner.java:68)
	at org.junit.runners.BlockJUnit4ClassRunner.runChild(BlockJUnit4ClassRunner.java:47)
	at org.junit.runners.ParentRunner$3.run(ParentRunner.java:231)
	at org.junit.runners.ParentRunner$1.schedule(ParentRunner.java:60)
	at org.junit.runners.ParentRunner.runChildren(ParentRunner.java:229)
	at org.junit.runners.ParentRunner.access$000(ParentRunner.java:50)
	at org.junit.runners.ParentRunner$2.evaluate(ParentRunner.java:222)
	at org.junit.runners.ParentRunner.run(ParentRunner.java:300)
	at org.apache.maven.surefire.junit4.JUnit4Provider.execute(JUnit4Provider.java:236)
	at org.apache.maven.surefire.junit4.JUnit4Provider.executeTestSet(JUnit4Provider.java:134)
	at org.apache.maven.surefire.junit4.JUnit4Provider.invoke(JUnit4Provider.java:113)
	at sun.reflect.NativeMethodAccessorImpl.invoke0(Native Method)
	at sun.reflect.NativeMethodAccessorImpl.invoke(NativeMethodAccessorImpl.java:39)
	at sun.reflect.DelegatingMethodAccessorImpl.invoke(DelegatingMethodAccessorImpl.java:25)
	at java.lang.reflect.Method.invoke(Method.java:597)
	at org.apache.maven.surefire.util.ReflectionUtils.invokeMethodWithArray(ReflectionUtils.java:189)
	at org.apache.maven.surefire.booter.ProviderFactory$ProviderProxy.invoke(ProviderFactory.java:165)
	at org.apache.maven.surefire.booter.ProviderFactory.invokeProvider(ProviderFactory.java:85)
	at org.apache.maven.surefire.booter.ForkedBooter.runSuitesInProcess(ForkedBooter.java:103)
	at org.apache.maven.surefire.booter.ForkedBooter.main(ForkedBooter.java:74)
Caused by: java.lang.UnsupportedOperationException: ERROR: GWT.create() is only usable in client code!  It cannot be called, for example, from server code.  If you are running a unit test, check that your test case extends GWTTestCase and that GWT.create() is not called from within an initializer or constructor.
	at com.google.gwt.core.client.GWT.create(GWT.java:91)
	at com.google.gwt.i18n.client.LocaleInfo.&lt;clinit&gt;(LocaleInfo.java:36)
	... 35 more
</error>
  </testcase>
  <testcase time="0" classname="name.pehl.piriti.converter.client.DateConverterTest" name="testConvertEmpty">
    <error message="Could not initialize class com.google.gwt.i18n.client.LocaleInfo" type="java.lang.NoClassDefFoundError">java.lang.NoClassDefFoundError: Could not initialize class com.google.gwt.i18n.client.LocaleInfo
	at com.google.gwt.i18n.shared.DateTimeFormat.getDefaultDateTimeFormatInfo(DateTimeFormat.java:681)
	at com.google.gwt.i18n.shared.DateTimeFormat.getFormat(DateTimeFormat.java:665)
	at com.google.gwt.i18n.shared.DateTimeFormat.getFormat(DateTimeFormat.java:514)
	at name.pehl.piriti.converter.client.DateConverter.&lt;init&gt;(DateConverter.java:27)
	at name.pehl.piriti.converter.client.TestableDateConverter.&lt;init&gt;(TestableDateConverter.java:10)
	at name.pehl.piriti.converter.client.DateConverterTest.testConvertEmpty(DateConverterTest.java:31)
	at sun.reflect.NativeMethodAccessorImpl.invoke0(Native Method)
	at sun.reflect.NativeMethodAccessorImpl.invoke(NativeMethodAccessorImpl.java:39)
	at sun.reflect.DelegatingMethodAccessorImpl.invoke(DelegatingMethodAccessorImpl.java:25)
	at java.lang.reflect.Method.invoke(Method.java:597)
	at org.junit.runners.model.FrameworkMethod$1.runReflectiveCall(FrameworkMethod.java:45)
	at org.junit.internal.runners.model.ReflectiveCallable.run(ReflectiveCallable.java:15)
	at org.junit.runners.model.FrameworkMethod.invokeExplosively(FrameworkMethod.java:42)
	at org.junit.internal.runners.statements.InvokeMethod.evaluate(InvokeMethod.java:20)
	at org.junit.runners.ParentRunner.runLeaf(ParentRunner.java:263)
	at org.junit.runners.BlockJUnit4ClassRunner.runChild(BlockJUnit4ClassRunner.java:68)
	at org.junit.runners.BlockJUnit4ClassRunner.runChild(BlockJUnit4ClassRunner.java:47)
	at org.junit.runners.ParentRunner$3.run(ParentRunner.java:231)
	at org.junit.runners.ParentRunner$1.schedule(ParentRunner.java:60)
	at org.junit.runners.ParentRunner.runChildren(ParentRunner.java:229)
	at org.junit.runners.ParentRunner.access$000(ParentRunner.java:50)
	at org.junit.runners.ParentRunner$2.evaluate(ParentRunner.java:222)
	at org.junit.runners.ParentRunner.run(ParentRunner.java:300)
	at org.apache.maven.surefire.junit4.JUnit4Provider.execute(JUnit4Provider.java:236)
	at org.apache.maven.surefire.junit4.JUnit4Provider.executeTestSet(JUnit4Provider.java:134)
	at org.apache.maven.surefire.junit4.JUnit4Provider.invoke(JUnit4Provider.java:113)
	at sun.reflect.NativeMethodAccessorImpl.invoke0(Native Method)
	at sun.reflect.NativeMethodAccessorImpl.invoke(NativeMethodAccessorImpl.java:39)
	at sun.reflect.DelegatingMethodAccessorImpl.invoke(DelegatingMethodAccessorImpl.java:25)
	at java.lang.reflect.Method.invoke(Method.java:597)
	at org.apache.maven.surefire.util.ReflectionUtils.invokeMethodWithArray(ReflectionUtils.java:189)
	at org.apache.maven.surefire.booter.ProviderFactory$ProviderProxy.invoke(ProviderFactory.java:165)
	at org.apache.maven.surefire.booter.ProviderFactory.invokeProvider(ProviderFactory.java:85)
	at org.apache.maven.surefire.booter.ForkedBooter.runSuitesInProcess(ForkedBooter.java:103)
	at org.apache.maven.surefire.booter.ForkedBooter.main(ForkedBooter.java:74)
</error>
  </testcase>
  <testcase time="0" classname="name.pehl.piriti.converter.client.DateConverterTest" name="testConvertBlank">
    <error message="Could not initialize class com.google.gwt.i18n.client.LocaleInfo" type="java.lang.NoClassDefFoundError">java.lang.NoClassDefFoundError: Could not initialize class com.google.gwt.i18n.client.LocaleInfo
	at com.google.gwt.i18n.shared.DateTimeFormat.getDefaultDateTimeFormatInfo(DateTimeFormat.java:681)
	at com.google.gwt.i18n.shared.DateTimeFormat.getFormat(DateTimeFormat.java:665)
	at com.google.gwt.i18n.shared.DateTimeFormat.getFormat(DateTimeFormat.java:514)
	at name.pehl.piriti.converter.client.DateConverter.&lt;init&gt;(DateConverter.java:27)
	at name.pehl.piriti.converter.client.TestableDateConverter.&lt;init&gt;(TestableDateConverter.java:10)
	at name.pehl.piriti.converter.client.DateConverterTest.testConvertBlank(DateConverterTest.java:40)
	at sun.reflect.NativeMethodAccessorImpl.invoke0(Native Method)
	at sun.reflect.NativeMethodAccessorImpl.invoke(NativeMethodAccessorImpl.java:39)
	at sun.reflect.DelegatingMethodAccessorImpl.invoke(DelegatingMethodAccessorImpl.java:25)
	at java.lang.reflect.Method.invoke(Method.java:597)
	at org.junit.runners.model.FrameworkMethod$1.runReflectiveCall(FrameworkMethod.java:45)
	at org.junit.internal.runners.model.ReflectiveCallable.run(ReflectiveCallable.java:15)
	at org.junit.runners.model.FrameworkMethod.invokeExplosively(FrameworkMethod.java:42)
	at org.junit.internal.runners.statements.InvokeMethod.evaluate(InvokeMethod.java:20)
	at org.junit.runners.ParentRunner.runLeaf(ParentRunner.java:263)
	at org.junit.runners.BlockJUnit4ClassRunner.runChild(BlockJUnit4ClassRunner.java:68)
	at org.junit.runners.BlockJUnit4ClassRunner.runChild(BlockJUnit4ClassRunner.java:47)
	at org.junit.runners.ParentRunner$3.run(ParentRunner.java:231)
	at org.junit.runners.ParentRunner$1.schedule(ParentRunner.java:60)
	at org.junit.runners.ParentRunner.runChildren(ParentRunner.java:229)
	at org.junit.runners.ParentRunner.access$000(ParentRunner.java:50)
	at org.junit.runners.ParentRunner$2.evaluate(ParentRunner.java:222)
	at org.junit.runners.ParentRunner.run(ParentRunner.java:300)
	at org.apache.maven.surefire.junit4.JUnit4Provider.execute(JUnit4Provider.java:236)
	at org.apache.maven.surefire.junit4.JUnit4Provider.executeTestSet(JUnit4Provider.java:134)
	at org.apache.maven.surefire.junit4.JUnit4Provider.invoke(JUnit4Provider.java:113)
	at sun.reflect.NativeMethodAccessorImpl.invoke0(Native Method)
	at sun.reflect.NativeMethodAccessorImpl.invoke(NativeMethodAccessorImpl.java:39)
	at sun.reflect.DelegatingMethodAccessorImpl.invoke(DelegatingMethodAccessorImpl.java:25)
	at java.lang.reflect.Method.invoke(Method.java:597)
	at org.apache.maven.surefire.util.ReflectionUtils.invokeMethodWithArray(ReflectionUtils.java:189)
	at org.apache.maven.surefire.booter.ProviderFactory$ProviderProxy.invoke(ProviderFactory.java:165)
	at org.apache.maven.surefire.booter.ProviderFactory.invokeProvider(ProviderFactory.java:85)
	at org.apache.maven.surefire.booter.ForkedBooter.runSuitesInProcess(ForkedBooter.java:103)
	at org.apache.maven.surefire.booter.ForkedBooter.main(ForkedBooter.java:74)
</error>
  </testcase>
  <testcase time="0.016" classname="name.pehl.piriti.converter.client.DateConverterTest" name="testConvertFoo">
    <error message="Could not initialize class com.google.gwt.i18n.client.LocaleInfo" type="java.lang.NoClassDefFoundError">java.lang.NoClassDefFoundError: Could not initialize class com.google.gwt.i18n.client.LocaleInfo
	at com.google.gwt.i18n.shared.DateTimeFormat.getDefaultDateTimeFormatInfo(DateTimeFormat.java:681)
	at com.google.gwt.i18n.shared.DateTimeFormat.getFormat(DateTimeFormat.java:665)
	at com.google.gwt.i18n.shared.DateTimeFormat.getFormat(DateTimeFormat.java:514)
	at name.pehl.piriti.converter.client.DateConverter.&lt;init&gt;(DateConverter.java:27)
	at name.pehl.piriti.converter.client.TestableDateConverter.&lt;init&gt;(TestableDateConverter.java:10)
	at name.pehl.piriti.converter.client.DateConverterTest.testConvertFoo(DateConverterTest.java:49)
	at sun.reflect.NativeMethodAccessorImpl.invoke0(Native Method)
	at sun.reflect.NativeMethodAccessorImpl.invoke(NativeMethodAccessorImpl.java:39)
	at sun.reflect.DelegatingMethodAccessorImpl.invoke(DelegatingMethodAccessorImpl.java:25)
	at java.lang.reflect.Method.invoke(Method.java:597)
	at org.junit.runners.model.FrameworkMethod$1.runReflectiveCall(FrameworkMethod.java:45)
	at org.junit.internal.runners.model.ReflectiveCallable.run(ReflectiveCallable.java:15)
	at org.junit.runners.model.FrameworkMethod.invokeExplosively(FrameworkMethod.java:42)
	at org.junit.internal.runners.statements.InvokeMethod.evaluate(InvokeMethod.java:20)
	at org.junit.runners.ParentRunner.runLeaf(ParentRunner.java:263)
	at org.junit.runners.BlockJUnit4ClassRunner.runChild(BlockJUnit4ClassRunner.java:68)
	at org.junit.runners.BlockJUnit4ClassRunner.runChild(BlockJUnit4ClassRunner.java:47)
	at org.junit.runners.ParentRunner$3.run(ParentRunner.java:231)
	at org.junit.runners.ParentRunner$1.schedule(ParentRunner.java:60)
	at org.junit.runners.ParentRunner.runChildren(ParentRunner.java:229)
	at org.junit.runners.ParentRunner.access$000(ParentRunner.java:50)
	at org.junit.runners.ParentRunner$2.evaluate(ParentRunner.java:222)
	at org.junit.runners.ParentRunner.run(ParentRunner.java:300)
	at org.apache.maven.surefire.junit4.JUnit4Provider.execute(JUnit4Provider.java:236)
	at org.apache.maven.surefire.junit4.JUnit4Provider.executeTestSet(JUnit4Provider.java:134)
	at org.apache.maven.surefire.junit4.JUnit4Provider.invoke(JUnit4Provider.java:113)
	at sun.reflect.NativeMethodAccessorImpl.invoke0(Native Method)
	at sun.reflect.NativeMethodAccessorImpl.invoke(NativeMethodAccessorImpl.java:39)
	at sun.reflect.DelegatingMethodAccessorImpl.invoke(DelegatingMethodAccessorImpl.java:25)
	at java.lang.reflect.Method.invoke(Method.java:597)
	at org.apache.maven.surefire.util.ReflectionUtils.invokeMethodWithArray(ReflectionUtils.java:189)
	at org.apache.maven.surefire.booter.ProviderFactory$ProviderProxy.invoke(ProviderFactory.java:165)
	at org.apache.maven.surefire.booter.ProviderFactory.invokeProvider(ProviderFactory.java:85)
	at org.apache.maven.surefire.booter.ForkedBooter.runSuitesInProcess(ForkedBooter.java:103)
	at org.apache.maven.surefire.booter.ForkedBooter.main(ForkedBooter.java:74)
</error>
  </testcase>
  <testcase time="0" classname="name.pehl.piriti.converter.client.DateConverterTest" name="testConvertDefaultFormat">
    <error message="Could not initialize class com.google.gwt.i18n.client.LocaleInfo" type="java.lang.NoClassDefFoundError">java.lang.NoClassDefFoundError: Could not initialize class com.google.gwt.i18n.client.LocaleInfo
	at com.google.gwt.i18n.shared.DateTimeFormat.getDefaultDateTimeFormatInfo(DateTimeFormat.java:681)
	at com.google.gwt.i18n.shared.DateTimeFormat.getFormat(DateTimeFormat.java:665)
	at com.google.gwt.i18n.shared.DateTimeFormat.getFormat(DateTimeFormat.java:514)
	at name.pehl.piriti.converter.client.DateConverter.&lt;init&gt;(DateConverter.java:27)
	at name.pehl.piriti.converter.client.TestableDateConverter.&lt;init&gt;(TestableDateConverter.java:10)
	at name.pehl.piriti.converter.client.DateConverterTest.testConvertDefaultFormat(DateConverterTest.java:58)
	at sun.reflect.NativeMethodAccessorImpl.invoke0(Native Method)
	at sun.reflect.NativeMethodAccessorImpl.invoke(NativeMethodAccessorImpl.java:39)
	at sun.reflect.DelegatingMethodAccessorImpl.invoke(DelegatingMethodAccessorImpl.java:25)
	at java.lang.reflect.Method.invoke(Method.java:597)
	at org.junit.runners.model.FrameworkMethod$1.runReflectiveCall(FrameworkMethod.java:45)
	at org.junit.internal.runners.model.ReflectiveCallable.run(ReflectiveCallable.java:15)
	at org.junit.runners.model.FrameworkMethod.invokeExplosively(FrameworkMethod.java:42)
	at org.junit.internal.runners.statements.InvokeMethod.evaluate(InvokeMethod.java:20)
	at org.junit.runners.ParentRunner.runLeaf(ParentRunner.java:263)
	at org.junit.runners.BlockJUnit4ClassRunner.runChild(BlockJUnit4ClassRunner.java:68)
	at org.junit.runners.BlockJUnit4ClassRunner.runChild(BlockJUnit4ClassRunner.java:47)
	at org.junit.runners.ParentRunner$3.run(ParentRunner.java:231)
	at org.junit.runners.ParentRunner$1.schedule(ParentRunner.java:60)
	at org.junit.runners.ParentRunner.runChildren(ParentRunner.java:229)
	at org.junit.runners.ParentRunner.access$000(ParentRunner.java:50)
	at org.junit.runners.ParentRunner$2.evaluate(ParentRunner.java:222)
	at org.junit.runners.ParentRunner.run(ParentRunner.java:300)
	at org.apache.maven.surefire.junit4.JUnit4Provider.execute(JUnit4Provider.java:236)
	at org.apache.maven.surefire.junit4.JUnit4Provider.executeTestSet(JUnit4Provider.java:134)
	at org.apache.maven.surefire.junit4.JUnit4Provider.invoke(JUnit4Provider.java:113)
	at sun.reflect.NativeMethodAccessorImpl.invoke0(Native Method)
	at sun.reflect.NativeMethodAccessorImpl.invoke(NativeMethodAccessorImpl.java:39)
	at sun.reflect.DelegatingMethodAccessorImpl.invoke(DelegatingMethodAccessorImpl.java:25)
	at java.lang.reflect.Method.invoke(Method.java:597)
	at org.apache.maven.surefire.util.ReflectionUtils.invokeMethodWithArray(ReflectionUtils.java:189)
	at org.apache.maven.surefire.booter.ProviderFactory$ProviderProxy.invoke(ProviderFactory.java:165)
	at org.apache.maven.surefire.booter.ProviderFactory.invokeProvider(ProviderFactory.java:85)
	at org.apache.maven.surefire.booter.ForkedBooter.runSuitesInProcess(ForkedBooter.java:103)
	at org.apache.maven.surefire.booter.ForkedBooter.main(ForkedBooter.java:74)
</error>
  </testcase>
  <testcase time="0" classname="name.pehl.piriti.converter.client.DateConverterTest" name="testConvertCustomFormat"/>
</testsuite>